<html>
<body>
<pre>
<h1>Vision Build Log</h1>
<h2>Tool Versions:</h2>
IDE-Version: μVision V5.25.2.0
Copyright (C) 2018 ARM Ltd and ARM Germany GmbH. All rights reserved.
License Information: Kite Chin, 1, LIC=YA39H-WS5VK-NNHAF-60FB1-ZBPKC-UJEJQ
 
Tool Versions:
Toolchain:       MDK-ARM Plus  Version: 5.25.2.0
Toolchain Path:  E:\Keil_v5\ARM\ARMCC\Bin
C Compiler:      Armcc.exe V5.06 update 6 (build 750)
Assembler:       Armasm.exe V5.06 update 6 (build 750)
Linker/Locator:  ArmLink.exe V5.06 update 6 (build 750)
Library Manager: ArmAr.exe V5.06 update 6 (build 750)
Hex Converter:   FromElf.exe V5.06 update 6 (build 750)
CPU DLL:         SARMCM3.DLL V5.25.2.0
Dialog DLL:      DCM.DLL V1.17.1.0
Target DLL:      STLink\ST-LINKIII-KEIL_SWO.dll V3.0.1.0
Dialog DLL:      TCM.DLL V1.35.1.0
 
<h2>Project:</h2>
E:\实验室\Keil_project\STM32F4\Measure_C&R\Project\RVMDK（uv5）\BH-F407.uvprojx
Project File Date:  05/20/2021

<h2>Output:</h2>
*** Using Compiler 'V5.06 update 6 (build 750)', folder: 'E:\Keil_v5\ARM\ARMCC\Bin'
Build target '工程模板'
assembling startup_stm32f40xx.s...
compiling system_stm32f4xx.c...
compiling stm32f4xx_adc.c...
compiling stm32f4xx_cryp.c...
compiling stm32f4xx_cec.c...
compiling stm32f4xx_crc.c...
compiling misc.c...
compiling stm32f4xx_can.c...
compiling stm32f4xx_cryp_aes.c...
compiling stm32f4xx_cryp_des.c...
compiling stm32f4xx_dac.c...
compiling stm32f4xx_dbgmcu.c...
compiling stm32f4xx_cryp_tdes.c...
compiling stm32f4xx_dcmi.c...
compiling stm32f4xx_exti.c...
compiling stm32f4xx_flash.c...
compiling stm32f4xx_dma.c...
compiling stm32f4xx_flash_ramfunc.c...
compiling stm32f4xx_fmpi2c.c...
compiling stm32f4xx_fsmc.c...
compiling stm32f4xx_hash.c...
compiling stm32f4xx_i2c.c...
compiling stm32f4xx_gpio.c...
compiling stm32f4xx_hash_md5.c...
compiling stm32f4xx_hash_sha1.c...
compiling stm32f4xx_iwdg.c...
compiling stm32f4xx_pwr.c...
compiling stm32f4xx_qspi.c...
compiling stm32f4xx_rng.c...
compiling stm32f4xx_rcc.c...
compiling stm32f4xx_sai.c...
compiling stm32f4xx_sdio.c...
compiling stm32f4xx_rtc.c...
compiling stm32f4xx_spdifrx.c...
compiling stm32f4xx_spi.c...
compiling stm32f4xx_syscfg.c...
compiling main.c...
..\..\User\main.c(163): error:  #268: declaration may not appear after executable statement in block
  		unsigned char  k = 0;
..\..\User\main.c(214): error:  #268: declaration may not appear after executable statement in block
  		unsigned char  k = 0;
..\..\User\main.c(279): error:  #268: declaration may not appear after executable statement in block
  		unsigned char  k = 0;
..\..\User\main.c(330): error:  #268: declaration may not appear after executable statement in block
  		unsigned char  k = 0;
..\..\User\main.c(356): error:  #268: declaration may not appear after executable statement in block
  	unsigned char i = 0;
..\..\User\main.c(357): error:  #268: declaration may not appear after executable statement in block
  	float Rx_del = 0;
..\..\User\main.c(420): error:  #268: declaration may not appear after executable statement in block
  		unsigned char i = 0;
..\..\User\main.c: 0 warnings, 7 errors
compiling stm32f4xx_tim.c...
compiling stm32f4xx_usart.c...
compiling stm32f4xx_wwdg.c...
compiling stm32f4xx_it.c...
compiling bsp_advance_tim.c...
compiling delay.c...
compiling bsp_adc.c...
compiling bsp_gpio.c...
compiling key.c...
compiling sys.c...
compiling FONT.c...
compiling usart.c...
compiling GBK_LibDrive.c...
compiling led.c...
compiling sdio_sdcard.c...
compiling spi.c...
compiling w25qxx.c...
compiling Dis_Picture.c...
compiling lcd.c...
compiling touch.c...
compiling Picture.c...
compiling Text.c...
"..\..\Output\Template.axf" - 7 Error(s), 0 Warning(s).

<h2>Software Packages used:</h2>

Package Vendor: Keil
                http://www.keil.com/pack/Keil.STM32F4xx_DFP.2.7.0.pack
                Keil.STM32F4xx_DFP.2.7.0
                STMicroelectronics STM32F4 Series Device Support, Drivers and Examples

<h2>Collection of Component include folders:</h2>
  .\RTE\_________
  E:\Keil_v5\ARM\PACK\Keil\STM32F4xx_DFP\2.7.0\Drivers\CMSIS\Device\ST\STM32F4xx\Include

<h2>Collection of Component Files used:</h2>
Target not created.
Build Time Elapsed:  00:00:13
</pre>
</body>
</html>
